TN:
SF:D:\Готово\issue\sliderPlugin\src\plugin\classes\Controller.js
FN:5,(anonymous_0)
FN:10,(anonymous_1)
FNF:2
FNH:1
FNDA:1,(anonymous_0)
FNDA:0,(anonymous_1)
DA:1,1
DA:2,1
DA:6,1
DA:7,1
DA:11,0
DA:12,0
DA:13,0
DA:16,1
LF:8
LH:5
BRF:0
BRH:0
end_of_record
TN:
SF:D:\Готово\issue\sliderPlugin\src\plugin\classes\Model.js
FN:2,(anonymous_0)
FN:7,(anonymous_1)
FN:18,(anonymous_2)
FNF:3
FNH:3
FNDA:1,(anonymous_0)
FNDA:3,(anonymous_1)
FNDA:21,(anonymous_2)
DA:3,1
DA:4,1
DA:8,3
DA:18,21
DA:21,3
DA:24,1
LF:6
LH:6
BRDA:18,0,0,6
BRDA:18,0,1,15
BRF:2
BRH:2
end_of_record
TN:
SF:D:\Готово\issue\sliderPlugin\src\plugin\classes\View.js
FN:2,(anonymous_0)
FN:7,(anonymous_1)
FN:17,(anonymous_2)
FNF:3
FNH:1
FNDA:1,(anonymous_0)
FNDA:0,(anonymous_1)
FNDA:0,(anonymous_2)
DA:3,1
DA:4,1
DA:8,0
DA:10,0
DA:11,0
DA:12,0
DA:13,0
DA:14,0
DA:21,1
LF:9
LH:3
BRF:0
BRH:0
end_of_record
