TN:
SF:D:\SlidersPlugin\slider\src\plugin\jquery.myFirstSliderPlugin.js
FN:1,(anonymous_0)
FN:3,(anonymous_1)
FN:13,(anonymous_2)
FN:18,(anonymous_3)
FN:21,(anonymous_4)
FN:26,(anonymous_5)
FN:29,(anonymous_6)
FN:34,(anonymous_7)
FN:37,(anonymous_8)
FN:42,(anonymous_9)
FN:45,(anonymous_10)
FN:50,(anonymous_11)
FN:53,(anonymous_12)
FN:58,(anonymous_13)
FN:61,(anonymous_14)
FN:66,(anonymous_15)
FN:69,(anonymous_16)
FN:74,(anonymous_17)
FN:80,(anonymous_18)
FN:86,(anonymous_19)
FN:89,(anonymous_20)
FN:102,(anonymous_21)
FN:116,(anonymous_22)
FN:128,(anonymous_23)
FN:133,(anonymous_24)
FNF:25
FNH:23
FNDA:1,(anonymous_0)
FNDA:3,(anonymous_1)
FNDA:3,(anonymous_2)
FNDA:7,(anonymous_3)
FNDA:3,(anonymous_4)
FNDA:7,(anonymous_5)
FNDA:4,(anonymous_6)
FNDA:8,(anonymous_7)
FNDA:3,(anonymous_8)
FNDA:8,(anonymous_9)
FNDA:3,(anonymous_10)
FNDA:8,(anonymous_11)
FNDA:6,(anonymous_12)
FNDA:12,(anonymous_13)
FNDA:6,(anonymous_14)
FNDA:12,(anonymous_15)
FNDA:4,(anonymous_16)
FNDA:8,(anonymous_17)
FNDA:1,(anonymous_18)
FNDA:1,(anonymous_19)
FNDA:5,(anonymous_20)
FNDA:3,(anonymous_21)
FNDA:1,(anonymous_22)
FNDA:0,(anonymous_23)
FNDA:0,(anonymous_24)
DA:1,1
DA:4,3
DA:5,3
DA:6,3
DA:7,3
DA:8,3
DA:9,3
DA:10,3
DA:11,3
DA:14,3
DA:15,2
DA:19,7
DA:22,3
DA:23,1
DA:27,7
DA:30,4
DA:31,1
DA:35,8
DA:38,3
DA:39,1
DA:43,8
DA:46,3
DA:47,1
DA:51,8
DA:54,6
DA:55,5
DA:59,12
DA:62,6
DA:63,5
DA:67,12
DA:70,4
DA:71,3
DA:75,8
DA:81,1
DA:82,1
DA:83,1
DA:84,1
DA:87,1
DA:90,5
DA:91,2
DA:92,3
DA:93,1
DA:94,1
DA:95,2
DA:96,1
DA:97,1
DA:99,1
DA:103,3
DA:104,1
DA:105,1
DA:106,1
DA:107,1
DA:109,2
DA:110,2
DA:111,2
DA:117,1
DA:118,1
DA:119,1
DA:120,1
DA:121,1
DA:122,1
DA:123,1
DA:124,1
DA:125,1
DA:128,1
DA:129,0
DA:130,0
DA:131,0
DA:132,0
DA:133,0
DA:134,0
DA:135,0
DA:136,0
DA:137,0
DA:138,0
DA:139,0
DA:142,1
DA:143,1
DA:144,1
LF:79
LH:68
BRDA:14,0,0,2
BRDA:14,0,1,1
BRDA:14,1,0,3
BRDA:14,1,1,2
BRDA:22,2,0,1
BRDA:22,2,1,2
BRDA:22,3,0,3
BRDA:22,3,1,1
BRDA:30,4,0,1
BRDA:30,4,1,3
BRDA:30,5,0,4
BRDA:30,5,1,2
BRDA:30,5,2,1
BRDA:38,6,0,1
BRDA:38,6,1,2
BRDA:38,7,0,3
BRDA:38,7,1,2
BRDA:38,7,2,1
BRDA:46,8,0,1
BRDA:46,8,1,2
BRDA:46,9,0,3
BRDA:46,9,1,2
BRDA:46,9,2,1
BRDA:54,10,0,5
BRDA:54,10,1,1
BRDA:62,11,0,5
BRDA:62,11,1,1
BRDA:70,12,0,3
BRDA:70,12,1,1
BRDA:90,13,0,2
BRDA:90,13,1,3
BRDA:90,14,0,5
BRDA:90,14,1,3
BRDA:92,15,0,1
BRDA:92,15,1,2
BRDA:92,16,0,3
BRDA:92,16,1,1
BRDA:95,17,0,1
BRDA:95,17,1,1
BRDA:95,18,0,2
BRDA:95,18,1,2
BRDA:103,19,0,1
BRDA:103,19,1,2
BRF:43
BRH:43
end_of_record
